Tue Feb 22 12:00:01 EET 2022
Path des fichiers sauvegardes:

	 - /home/chopper/workspace/B9R9-ft_printf/ft_printf/ft_strnew.o
	 - /home/chopper/workspace/B9R9-ft_printf/ft_printf/ft_strdup.o
	 - /home/chopper/workspace/B9R9-ft_printf/ft_printf/libftprintf.a
	 - /home/chopper/workspace/B9R9-ft_printf/ft_printf/ft_printf.c
	 - /home/chopper/workspace/B9R9-ft_printf/ft_printf/ft_strjoin.o
	 - /home/chopper/workspace/B9R9-ft_printf/ft_printf/ft_itoa.o
	 - /home/chopper/workspace/B9R9-ft_printf/ft_printf/ft_strsub.o
	 - /home/chopper/workspace/B9R9-ft_printf/ft_printf/ft_strlen.o
	 - /home/chopper/workspace/B9R9-ft_printf/ft_printf/ft_printf.o
	 - /home/chopper/workspace/B9R9-ft_printf/test.c
	 - /home/chopper/workspace/B9R9-ft_printf/test
	 - /home/chopper/workspace/B9R9-ft_printf/a.out
	 - /home/chopper/workspace/B9R9-ft_printf/srcs/.main.c.swp
	 - /home/chopper/workspace/B9R9-ft_printf/srcs/main.c

================================================

Tue Feb 22 15:00:01 EET 2022
Path des fichiers sauvegardes:

	 - /home/chopper/workspace/B9R9-ft_printf/ft_printf/.ft_printf.c.swp
	 - /home/chopper/workspace/B9R9-ft_printf/ft_printf/ft_memdel.o
	 - /home/chopper/workspace/B9R9-ft_printf/ft_printf/includes/ftprintf.h
	 - /home/chopper/workspace/B9R9-ft_printf/ft_printf/\
	 - /home/chopper/workspace/B9R9-ft_printf/ft_printf/ft_strnew.o
	 - /home/chopper/workspace/B9R9-ft_printf/ft_printf/ft_strdup.o
	 - /home/chopper/workspace/B9R9-ft_printf/ft_printf/libftprintf.a
	 - /home/chopper/workspace/B9R9-ft_printf/ft_printf/ft_printf.c
	 - /home/chopper/workspace/B9R9-ft_printf/ft_printf/ft_strjoin.o
	 - /home/chopper/workspace/B9R9-ft_printf/ft_printf/ft_itoa.o
	 - /home/chopper/workspace/B9R9-ft_printf/ft_printf/ft_memdel.c
	 - /home/chopper/workspace/B9R9-ft_printf/ft_printf/ft_strsub.o
	 - /home/chopper/workspace/B9R9-ft_printf/ft_printf/ft_strlen.o
	 - /home/chopper/workspace/B9R9-ft_printf/ft_printf/Makefile
	 - /home/chopper/workspace/B9R9-ft_printf/ft_printf/ft_printf.o
	 - /home/chopper/workspace/B9R9-ft_printf/test
	 - /home/chopper/workspace/B9R9-ft_printf/srcs/.main.c.swp
	 - /home/chopper/workspace/B9R9-ft_printf/srcs/main.c

================================================

